{"D:\\My Folder\\Works\\FPT\\Mock Project\\Source Code\\HN22_FR_NodeJS_03_G2\\src\\config\\config.mjs": {"path":"D:\\My Folder\\Works\\FPT\\Mock Project\\Source Code\\HN22_FR_NodeJS_03_G2\\src\\config\\config.mjs","statementMap":{"0":{"start":{"line":3,"column":0},"end":{"line":3,"column":41}}},"fnMap":{},"branchMap":{},"s":{"0":1},"f":{},"b":{},"_coverageSchema":"1a1c01bbd47fc00a2c39e90264f33305004495a9","hash":"16a2df10f30ae464a85dea9e8532404eaccfd171"}
,"D:\\My Folder\\Works\\FPT\\Mock Project\\Source Code\\HN22_FR_NodeJS_03_G2\\src\\config\\database.mjs": {"path":"D:\\My Folder\\Works\\FPT\\Mock Project\\Source Code\\HN22_FR_NodeJS_03_G2\\src\\config\\database.mjs","statementMap":{"0":{"start":{"line":4,"column":25},"end":{"line":7,"column":2}},"1":{"start":{"line":9,"column":20},"end":{"line":16,"column":1}},"2":{"start":{"line":10,"column":2},"end":{"line":15,"column":3}},"3":{"start":{"line":11,"column":4},"end":{"line":11,"column":35}},"4":{"start":{"line":12,"column":4},"end":{"line":12,"column":65}},"5":{"start":{"line":14,"column":4},"end":{"line":14,"column":63}}},"fnMap":{"0":{"name":"(anonymous_0)","decl":{"start":{"line":9,"column":20},"end":{"line":9,"column":21}},"loc":{"start":{"line":9,"column":32},"end":{"line":16,"column":1}},"line":9}},"branchMap":{},"s":{"0":1,"1":1,"2":0,"3":0,"4":0,"5":0},"f":{"0":0},"b":{},"_coverageSchema":"1a1c01bbd47fc00a2c39e90264f33305004495a9","hash":"095a6c88b4cbc5e59439d4ed410938bbea7573a9"}
,"D:\\My Folder\\Works\\FPT\\Mock Project\\Source Code\\HN22_FR_NodeJS_03_G2\\src\\config\\variables.mjs": {"path":"D:\\My Folder\\Works\\FPT\\Mock Project\\Source Code\\HN22_FR_NodeJS_03_G2\\src\\config\\variables.mjs","statementMap":{"0":{"start":{"line":1,"column":20},"end":{"line":7,"column":1}},"1":{"start":{"line":10,"column":28},"end":{"line":10,"column":35}}},"fnMap":{},"branchMap":{},"s":{"0":1,"1":1},"f":{},"b":{},"_coverageSchema":"1a1c01bbd47fc00a2c39e90264f33305004495a9","hash":"4e153a65dd56081e664361e5677064dd4738072a"}
,"D:\\My Folder\\Works\\FPT\\Mock Project\\Source Code\\HN22_FR_NodeJS_03_G2\\src\\controllers\\customer.controller.mjs": {"path":"D:\\My Folder\\Works\\FPT\\Mock Project\\Source Code\\HN22_FR_NodeJS_03_G2\\src\\controllers\\customer.controller.mjs","statementMap":{"0":{"start":{"line":7,"column":27},"end":{"line":33,"column":1}},"1":{"start":{"line":8,"column":2},"end":{"line":32,"column":3}},"2":{"start":{"line":9,"column":24},"end":{"line":9,"column":33}},"3":{"start":{"line":10,"column":24},"end":{"line":10,"column":33}},"4":{"start":{"line":12,"column":4},"end":{"line":12,"column":35}},"5":{"start":{"line":12,"column":14},"end":{"line":12,"column":35}},"6":{"start":{"line":14,"column":4},"end":{"line":20,"column":5}},"7":{"start":{"line":16,"column":6},"end":{"line":16,"column":95}},"8":{"start":{"line":17,"column":11},"end":{"line":20,"column":5}},"9":{"start":{"line":19,"column":6},"end":{"line":19,"column":87}},"10":{"start":{"line":23,"column":20},"end":{"line":23,"column":117}},"11":{"start":{"line":25,"column":4},"end":{"line":27,"column":5}},"12":{"start":{"line":26,"column":6},"end":{"line":26,"column":69}},"13":{"start":{"line":29,"column":4},"end":{"line":29,"column":53}},"14":{"start":{"line":31,"column":4},"end":{"line":31,"column":23}},"15":{"start":{"line":35,"column":27},"end":{"line":55,"column":1}},"16":{"start":{"line":36,"column":2},"end":{"line":54,"column":3}},"17":{"start":{"line":37,"column":28},"end":{"line":37,"column":36}},"18":{"start":{"line":38,"column":21},"end":{"line":38,"column":33}},"19":{"start":{"line":41,"column":19},"end":{"line":46,"column":5}},"20":{"start":{"line":48,"column":4},"end":{"line":48,"column":52}},"21":{"start":{"line":50,"column":4},"end":{"line":52,"column":5}},"22":{"start":{"line":51,"column":6},"end":{"line":51,"column":50}},"23":{"start":{"line":53,"column":4},"end":{"line":53,"column":23}},"24":{"start":{"line":57,"column":30},"end":{"line":85,"column":1}},"25":{"start":{"line":58,"column":2},"end":{"line":84,"column":3}},"26":{"start":{"line":59,"column":19},"end":{"line":59,"column":29}},"27":{"start":{"line":60,"column":21},"end":{"line":60,"column":33}},"28":{"start":{"line":61,"column":28},"end":{"line":61,"column":36}},"29":{"start":{"line":63,"column":4},"end":{"line":68,"column":5}},"30":{"start":{"line":65,"column":6},"end":{"line":67,"column":7}},"31":{"start":{"line":66,"column":8},"end":{"line":66,"column":76}},"32":{"start":{"line":70,"column":19},"end":{"line":70,"column":41}},"33":{"start":{"line":71,"column":22},"end":{"line":76,"column":5}},"34":{"start":{"line":78,"column":4},"end":{"line":78,"column":84}},"35":{"start":{"line":80,"column":4},"end":{"line":82,"column":5}},"36":{"start":{"line":81,"column":6},"end":{"line":81,"column":51}},"37":{"start":{"line":83,"column":4},"end":{"line":83,"column":23}},"38":{"start":{"line":87,"column":30},"end":{"line":99,"column":1}},"39":{"start":{"line":88,"column":2},"end":{"line":98,"column":3}},"40":{"start":{"line":89,"column":19},"end":{"line":89,"column":29}},"41":{"start":{"line":92,"column":19},"end":{"line":92,"column":41}},"42":{"start":{"line":93,"column":22},"end":{"line":93,"column":65}},"43":{"start":{"line":95,"column":4},"end":{"line":95,"column":84}},"44":{"start":{"line":97,"column":4},"end":{"line":97,"column":23}}},"fnMap":{"0":{"name":"(anonymous_0)","decl":{"start":{"line":7,"column":27},"end":{"line":7,"column":28}},"loc":{"start":{"line":7,"column":53},"end":{"line":33,"column":1}},"line":7},"1":{"name":"(anonymous_1)","decl":{"start":{"line":35,"column":27},"end":{"line":35,"column":28}},"loc":{"start":{"line":35,"column":53},"end":{"line":55,"column":1}},"line":35},"2":{"name":"(anonymous_2)","decl":{"start":{"line":57,"column":30},"end":{"line":57,"column":31}},"loc":{"start":{"line":57,"column":56},"end":{"line":85,"column":1}},"line":57},"3":{"name":"(anonymous_3)","decl":{"start":{"line":87,"column":30},"end":{"line":87,"column":31}},"loc":{"start":{"line":87,"column":56},"end":{"line":99,"column":1}},"line":87}},"branchMap":{"0":{"loc":{"start":{"line":12,"column":4},"end":{"line":12,"column":35}},"type":"if","locations":[{"start":{"line":12,"column":4},"end":{"line":12,"column":35}},{"start":{},"end":{}}],"line":12},"1":{"loc":{"start":{"line":14,"column":4},"end":{"line":20,"column":5}},"type":"if","locations":[{"start":{"line":14,"column":4},"end":{"line":20,"column":5}},{"start":{"line":17,"column":11},"end":{"line":20,"column":5}}],"line":14},"2":{"loc":{"start":{"line":17,"column":11},"end":{"line":20,"column":5}},"type":"if","locations":[{"start":{"line":17,"column":11},"end":{"line":20,"column":5}},{"start":{},"end":{}}],"line":17},"3":{"loc":{"start":{"line":23,"column":83},"end":{"line":23,"column":92}},"type":"binary-expr","locations":[{"start":{"line":23,"column":83},"end":{"line":23,"column":87}},{"start":{"line":23,"column":91},"end":{"line":23,"column":92}}],"line":23},"4":{"loc":{"start":{"line":25,"column":4},"end":{"line":27,"column":5}},"type":"if","locations":[{"start":{"line":25,"column":4},"end":{"line":27,"column":5}},{"start":{},"end":{}}],"line":25},"5":{"loc":{"start":{"line":50,"column":4},"end":{"line":52,"column":5}},"type":"if","locations":[{"start":{"line":50,"column":4},"end":{"line":52,"column":5}},{"start":{},"end":{}}],"line":50},"6":{"loc":{"start":{"line":63,"column":4},"end":{"line":68,"column":5}},"type":"if","locations":[{"start":{"line":63,"column":4},"end":{"line":68,"column":5}},{"start":{},"end":{}}],"line":63},"7":{"loc":{"start":{"line":65,"column":6},"end":{"line":67,"column":7}},"type":"if","locations":[{"start":{"line":65,"column":6},"end":{"line":67,"column":7}},{"start":{},"end":{}}],"line":65},"8":{"loc":{"start":{"line":80,"column":4},"end":{"line":82,"column":5}},"type":"if","locations":[{"start":{"line":80,"column":4},"end":{"line":82,"column":5}},{"start":{},"end":{}}],"line":80}},"s":{"0":1,"1":1,"2":1,"3":1,"4":1,"5":1,"6":1,"7":0,"8":1,"9":0,"10":1,"11":1,"12":0,"13":1,"14":0,"15":1,"16":0,"17":0,"18":0,"19":0,"20":0,"21":0,"22":0,"23":0,"24":1,"25":0,"26":0,"27":0,"28":0,"29":0,"30":0,"31":0,"32":0,"33":0,"34":0,"35":0,"36":0,"37":0,"38":1,"39":0,"40":0,"41":0,"42":0,"43":0,"44":0},"f":{"0":1,"1":0,"2":0,"3":0},"b":{"0":[1,0],"1":[0,1],"2":[0,1],"3":[1,0],"4":[0,1],"5":[0,0],"6":[0,0],"7":[0,0],"8":[0,0]},"_coverageSchema":"1a1c01bbd47fc00a2c39e90264f33305004495a9","hash":"a48347818de4965bc738b0973c1f4a3f21ef997c"}
,"D:\\My Folder\\Works\\FPT\\Mock Project\\Source Code\\HN22_FR_NodeJS_03_G2\\src\\models\\customers.mjs": {"path":"D:\\My Folder\\Works\\FPT\\Mock Project\\Source Code\\HN22_FR_NodeJS_03_G2\\src\\models\\customers.mjs","statementMap":{"0":{"start":{"line":5,"column":17},"end":{"line":158,"column":1}}},"fnMap":{},"branchMap":{},"s":{"0":1},"f":{},"b":{},"_coverageSchema":"1a1c01bbd47fc00a2c39e90264f33305004495a9","hash":"8217b165213a46dd603b955a12caf6190917c8c1"}
,"D:\\My Folder\\Works\\FPT\\Mock Project\\Source Code\\HN22_FR_NodeJS_03_G2\\src\\models\\employees.mjs": {"path":"D:\\My Folder\\Works\\FPT\\Mock Project\\Source Code\\HN22_FR_NodeJS_03_G2\\src\\models\\employees.mjs","statementMap":{"0":{"start":{"line":4,"column":17},"end":{"line":127,"column":1}},"1":{"start":{"line":129,"column":0},"end":{"line":129,"column":49}}},"fnMap":{},"branchMap":{},"s":{"0":1,"1":1},"f":{},"b":{},"_coverageSchema":"1a1c01bbd47fc00a2c39e90264f33305004495a9","hash":"0f5394d2707673f4825c456d12c3529447e2b39d"}
,"D:\\My Folder\\Works\\FPT\\Mock Project\\Source Code\\HN22_FR_NodeJS_03_G2\\src\\models\\role.mjs": {"path":"D:\\My Folder\\Works\\FPT\\Mock Project\\Source Code\\HN22_FR_NodeJS_03_G2\\src\\models\\role.mjs","statementMap":{"0":{"start":{"line":4,"column":13},"end":{"line":37,"column":1}}},"fnMap":{},"branchMap":{},"s":{"0":1},"f":{},"b":{},"_coverageSchema":"1a1c01bbd47fc00a2c39e90264f33305004495a9","hash":"eaee3d56bfa1b33aab60272e877877400e40219e"}
,"D:\\My Folder\\Works\\FPT\\Mock Project\\Source Code\\HN22_FR_NodeJS_03_G2\\src\\tests\\mocks\\customerData.mjs": {"path":"D:\\My Folder\\Works\\FPT\\Mock Project\\Source Code\\HN22_FR_NodeJS_03_G2\\src\\tests\\mocks\\customerData.mjs","statementMap":{"0":{"start":{"line":2,"column":21},"end":{"line":14,"column":1}},"1":{"start":{"line":15,"column":34},"end":{"line":20,"column":1}}},"fnMap":{},"branchMap":{},"s":{"0":1,"1":1},"f":{},"b":{},"_coverageSchema":"1a1c01bbd47fc00a2c39e90264f33305004495a9","hash":"d231733cfeb53848a78a9b31d5b9f5d50d8f1cd0"}
}
