TN:
SF:src\config\config.mjs
FNF:0
FNH:0
DA:3,1
LF:1
LH:1
BRF:0
BRH:0
end_of_record
TN:
SF:src\config\database.mjs
FN:9,(anonymous_0)
FNF:1
FNH:0
FNDA:0,(anonymous_0)
DA:4,1
DA:9,1
DA:10,0
DA:11,0
DA:12,0
DA:14,0
LF:6
LH:2
BRF:0
BRH:0
end_of_record
TN:
SF:src\config\variables.mjs
FNF:0
FNH:0
DA:1,1
DA:10,1
LF:2
LH:2
BRF:0
BRH:0
end_of_record
TN:
SF:src\controllers\customer.controller.mjs
FN:7,(anonymous_0)
FN:36,(anonymous_1)
FN:58,(anonymous_2)
FN:88,(anonymous_3)
FNF:4
FNH:2
FNDA:3,(anonymous_0)
FNDA:3,(anonymous_1)
FNDA:0,(anonymous_2)
FNDA:0,(anonymous_3)
DA:7,1
DA:8,3
DA:9,3
DA:10,3
DA:12,3
DA:13,3
DA:15,3
DA:17,1
DA:18,2
DA:20,1
DA:24,3
DA:26,2
DA:27,1
DA:30,1
DA:32,1
DA:36,1
DA:37,3
DA:38,3
DA:39,3
DA:42,3
DA:49,1
DA:51,2
DA:52,1
DA:54,1
DA:58,1
DA:59,0
DA:60,0
DA:61,0
DA:62,0
DA:64,0
DA:66,0
DA:67,0
DA:71,0
DA:72,0
DA:79,0
DA:81,0
DA:82,0
DA:84,0
DA:88,1
DA:89,0
DA:90,0
DA:93,0
DA:94,0
DA:96,0
DA:98,0
LF:45
LH:26
BRDA:12,0,0,3
BRDA:12,0,1,0
BRDA:12,1,0,0
BRDA:12,1,1,3
BRDA:15,2,0,1
BRDA:15,2,1,2
BRDA:18,3,0,1
BRDA:18,3,1,1
BRDA:26,4,0,1
BRDA:26,4,1,1
BRDA:51,5,0,1
BRDA:51,5,1,1
BRDA:64,6,0,0
BRDA:64,6,1,0
BRDA:66,7,0,0
BRDA:66,7,1,0
BRDA:81,8,0,0
BRDA:81,8,1,0
BRF:18
BRH:10
end_of_record
TN:
SF:src\models\customers.mjs
FNF:0
FNH:0
DA:5,1
LF:1
LH:1
BRF:0
BRH:0
end_of_record
TN:
SF:src\models\employees.mjs
FNF:0
FNH:0
DA:4,1
DA:129,1
LF:2
LH:2
BRF:0
BRH:0
end_of_record
TN:
SF:src\models\role.mjs
FNF:0
FNH:0
DA:4,1
LF:1
LH:1
BRF:0
BRH:0
end_of_record
TN:
SF:src\tests\mocks\customerData.mjs
FNF:0
FNH:0
DA:2,1
DA:15,1
LF:2
LH:2
BRF:0
BRH:0
end_of_record
