TN:
SF:src\config\config.mjs
FNF:0
FNH:0
DA:3,1
LF:1
LH:1
BRF:0
BRH:0
end_of_record
TN:
SF:src\config\database.mjs
FN:9,(anonymous_0)
FNF:1
FNH:0
FNDA:0,(anonymous_0)
DA:4,1
DA:9,1
DA:10,0
DA:11,0
DA:12,0
DA:14,0
LF:6
LH:2
BRF:0
BRH:0
end_of_record
TN:
SF:src\config\variables.mjs
FNF:0
FNH:0
DA:1,1
DA:10,1
LF:2
LH:2
BRF:0
BRH:0
end_of_record
TN:
SF:src\controllers\customer.controller.mjs
FN:7,(anonymous_0)
FN:35,(anonymous_1)
FN:57,(anonymous_2)
FN:87,(anonymous_3)
FNF:4
FNH:1
FNDA:1,(anonymous_0)
FNDA:0,(anonymous_1)
FNDA:0,(anonymous_2)
FNDA:0,(anonymous_3)
DA:7,1
DA:8,1
DA:9,1
DA:10,1
DA:12,1
DA:14,1
DA:16,0
DA:17,1
DA:19,0
DA:23,1
DA:25,1
DA:26,0
DA:29,1
DA:31,0
DA:35,1
DA:36,0
DA:37,0
DA:38,0
DA:41,0
DA:48,0
DA:50,0
DA:51,0
DA:53,0
DA:57,1
DA:58,0
DA:59,0
DA:60,0
DA:61,0
DA:63,0
DA:65,0
DA:66,0
DA:70,0
DA:71,0
DA:78,0
DA:80,0
DA:81,0
DA:83,0
DA:87,1
DA:88,0
DA:89,0
DA:92,0
DA:93,0
DA:95,0
DA:97,0
LF:44
LH:13
BRDA:12,0,0,1
BRDA:12,0,1,0
BRDA:14,1,0,0
BRDA:14,1,1,1
BRDA:17,2,0,0
BRDA:17,2,1,1
BRDA:23,3,0,1
BRDA:23,3,1,0
BRDA:25,4,0,0
BRDA:25,4,1,1
BRDA:50,5,0,0
BRDA:50,5,1,0
BRDA:63,6,0,0
BRDA:63,6,1,0
BRDA:65,7,0,0
BRDA:65,7,1,0
BRDA:80,8,0,0
BRDA:80,8,1,0
BRF:18
BRH:5
end_of_record
TN:
SF:src\models\customers.mjs
FNF:0
FNH:0
DA:5,1
LF:1
LH:1
BRF:0
BRH:0
end_of_record
TN:
SF:src\models\employees.mjs
FNF:0
FNH:0
DA:4,1
DA:129,1
LF:2
LH:2
BRF:0
BRH:0
end_of_record
TN:
SF:src\models\role.mjs
FNF:0
FNH:0
DA:4,1
LF:1
LH:1
BRF:0
BRH:0
end_of_record
TN:
SF:src\tests\mocks\customerData.mjs
FNF:0
FNH:0
DA:2,1
DA:15,1
LF:2
LH:2
BRF:0
BRH:0
end_of_record
